<?xml version="1.0" encoding="UTF-8"?>
<!-- Generated by org.testng.reporters.JUnitReportReporter -->
<testsuite hostname="Devesh" failures="0" tests="1" name="testngpkg.testdemo" time="0.009" errors="0" timestamp="2021-05-14T23:16:26 IST" skipped="0">
  <testcase classname="testngpkg.testdemo" name="abc" time="0.009"/>
  <system-out/>
</testsuite> <!-- testngpkg.testdemo -->
