<?xml version="1.0" encoding="UTF-8"?>
<!-- Generated by org.testng.reporters.JUnitReportReporter -->
<testsuite hostname="Devesh" failures="0" tests="3" name="testngpkg.testdemoone2" time="0.004" errors="0" timestamp="2021-05-14T23:16:26 IST" skipped="0">
  <testcase classname="testngpkg.testdemoone2" name="gopro" time="0.002"/>
  <system-out/>
  <testcase classname="testngpkg.testdemoone2" name="goprocase" time="0.001"/>
  <system-out/>
  <testcase classname="testngpkg.testdemoone2" name="stand" time="0.001"/>
  <system-out/>
</testsuite> <!-- testngpkg.testdemoone2 -->
